start: S
accept: AC
reject: RJ
blank: _
HHHHH P -> CCC P >
S 0 -> AC 1 ^
JJJJJ _ -> EEEEE _ >
I Z -> B Z >
LL P -> L P >
GGGGG 1 -> AAAA 1 >
HHHHH _ -> HHHHH _ <
CCCCC 0 -> CCCCC _ >
HHHHH 0 -> CCC 0 >
BBB Y -> BBB Y >
JJJJJ 1 -> JJJJJ 1 <
DDDDD Z -> DDDDD Z >
III 1 -> HHHHH _ <
B 0 -> B 0 >
GG 0 -> GG 0 <
BBBBB _ -> BBB Y >
BBB 0 -> BBB 0 >
LLLL _ -> JJJ 1 <
DD 0 -> EE Y <
II 1 -> HH 0 >
GG D -> III _ >
EEEEE 1 -> EEEEE 1 >
CC _ -> CC _ <
F _ -> BBB 1 >
GGG Z -> GGG Z <
AAA 0 -> AAA 0 >
L Z -> L _ >
III 0 -> KKK _ <
II Z -> LL Z <
KKKKK _ -> DDDDD P >
IIIII 0 -> IIIII 0 <
IIII Z -> A _ <
L 0 -> L _ >
EEEEE 0 -> EEEEE 0 >
B _ -> KKKK D <
I D -> J D >
BBBBB 0 -> BBB Y >
CC P -> KKKKK Z <
HH D -> GGGG D <
LLL 1 -> LLL 1 <
KKKKK 1 -> KKKKK 1 <
C 0 -> H Y >
III _ -> III _ >
BBBB X -> BBBB X <
GGGG Z -> DD Z <
KKKK 1 -> KKKK 1 <
GGGG 0 -> GGGG 0 <
JJJ X -> I 1 >
HHH 1 -> AAAAA 1 >
II 0 -> II 0 <
LLL P -> C P >
MM 0 -> MM 0 >
LLLL 0 -> LLLL 0 >
CCCCC _ -> IIII _ <
B 1 -> B 1 >
K 1 -> DDDD 1 >
BBBB _ -> BBB X >
DDD D -> KKKK D <
E P -> BBBB P <
LLLLL _ -> FF P >
GG 1 -> GG 1 <
DD P -> JJJJJ P <
BBBB 1 -> F Y <
A 0 -> A 0 <
FF 1 -> FF 1 >
D _ -> AA D <
H _ -> GGG 0 <
GGG Y -> C 0 >
GGGG 1 -> GGGG 1 <
IIII D -> IIII _ <
CC 1 -> CC 1 <
EEEEE X -> EEEEE 1 >
EEEEE D -> II D <
H 0 -> H 0 >
HHHH 0 -> HHHH 0 >
MM 1 -> MM 1 >
KKK 0 -> CCCC 0 >
D 1 -> D 1 >
EEEEE P -> EEEEE P >
KKK 1 -> CCCC 1 >
A 1 -> A 1 <
FF 0 -> FF 0 >
JJJ 1 -> JJJ 1 <
LL 1 -> LL 1 <
IIIII D -> II D <
LLLL 1 -> LLLL 1 >
FFFF 0 -> FFFF 0 >
KKK P -> CCCC P >
MM _ -> JJJ 0 <
HHHH 1 -> HHHH 1 >
AA 1 -> DDD 0 >
C 1 -> HHHH X >
J _ -> II _ <
GGG 0 -> GGG 0 <
III V -> CC _ <
BBBBB X -> BBBBB X <
BBBBB 1 -> BBB X >
KKK _ -> KKK _ <
LLLL D -> LLLL D >
EE 0 -> EE 0 <
CCC _ -> III 1 >
BBB X -> BBB X >
KKKK Z -> I Z >
F 1 -> F 0 <
BBB 1 -> BBB 1 >
FFFF 1 -> FFFF 1 >
AAA 1 -> AAA 1 >
E 1 -> E 1 <
I 0 -> MM Y >
L D -> FFFF D >
M 1 -> FFFFF 1 >
J 1 -> J 1 >
LLLL Z -> LLLL Z >
HH _ -> IIIII _ <
DDDDD 0 -> DDDDD 0 >
JJJJJ 0 -> JJJJJ 0 <
S 1 -> LLLLL 1 <
JJJJJ X -> JJJJJ 1 <
FF _ -> LLL Z <
JJJ 0 -> JJJ 0 <
JJJJJ Y -> JJJJJ 0 <
KK 1 -> FFF 1 >
JJJ Y -> I 0 >
BBBB 0 -> BBB X >
DDD 0 -> DDD 1 >
IIIII 1 -> IIIII 1 <
GGG 1 -> GGG 1 <
I 1 -> LLLL X >
AAA Y -> DD Y <
BB 1 -> JJ 1 >
EE 1 -> EE 1 <
EEEE 1 -> G 1 >
DD 1 -> E X <
E 0 -> E 0 <
GGG X -> C 1 >
H Z -> H Z >
L 1 -> L _ >
JJJ Z -> JJJ Z <
DDDDD _ -> KKKK D <
BBBBB Y -> BBBBB Y <
LL 0 -> LL 0 <
IIII 1 -> IIII _ <
EEEEE Y -> EEEEE 0 >
BBBB Y -> BBBB Y <
CCCC _ -> III 0 >
C Z -> D Z >
A P -> AC _ >
JJJ D -> JJJ D <
EEEEE Z -> EEEEE Z >
BBB P -> AAA P >
LLL 0 -> LLL 0 <
AA 0 -> AA 0 <
HH 0 -> HH 1 >
MM D -> MM D >
HHHH Z -> HHHH Z >
H 1 -> H 1 >
D 0 -> D 0 >
J 0 -> J 0 >
CC 0 -> CC 0 <
II D -> CCCCC D >
IIII 0 -> IIII _ <
KKKK 0 -> KKKK 0 <
F 0 -> BBB 1 >
AAA X -> DD X <
FFFF _ -> GG V <
EE P -> BBBBB P <
HHHHH 1 -> CCC 1 >
JJJJ 1 -> EEE 1 >
IIII _ -> IIII _ <
KKKKK 0 -> KKKKK 0 <
DDDDD 1 -> DDDDD 1 >
MM Z -> MM Z >
HHHH _ -> GGG 1 <
