start: S
accept: AC
reject: RJ
blank: _
BBB a0 -> BBB a0 >
BBB a1 -> BBB a1 >
AA a1 -> S a1 >
BBBBB b0 -> RJ b0 ^
A a1 -> BBBBB a1_ >
B 0 -> BBBB b0 <
AAAA b1 -> B b1 <
AAA a0 -> AAA a0 <
AAAA 0 -> AAAA 0 >
BBB < -> BBB < >
AA a0 -> S a0 >
BBBB 0 -> BBBB 0 <
S 0 -> C a0 >
AAAA _ -> B _ <
BBB b0 -> AAA b0_ <
AAA a1_ -> A a1_ >
AAAAA < -> AAAAA < <
CC b1 -> AAAAA b1 <
BBBBB a0 -> BBBBB a0 >
AAA a1 -> AAA a1 <
BB 1 -> AAAA 1 >
CC 0 -> AC 0 ^
AAAAA _ -> A _ >
S 1 -> C a1 >
S < -> CC < >
A < -> RJ < ^
C 1 -> C 1 >
AA 0 -> AA 0 <
BBBBB b0_ -> BBBBB b0_ >
AAA a0_ -> A a0_ >
BB b0 -> RJ b0 ^
AAA b0_ -> AAA b0_ <
AAAAA a1 -> AAAAA a1 <
BBBBB b1 -> AAA b1_ <
BBB b1_ -> BBB b1_ >
BB b1 -> RJ b1 ^
BBBBB < -> BBBBB < >
BB 0 -> AAAA 0 >
BBBBB a1 -> BBBBB a1 >
BBBB < -> AA < <
BBBBB b1_ -> BBBBB b1_ >
BBBB 1 -> BBBB 1 <
AAAA b0 -> B b0 <
A a0 -> BBB a0_ >
AAA < -> AAA < <
C 0 -> C 0 >
AAAA 1 -> AAAA 1 >
AAA b1_ -> AAA b1_ <
CC b0 -> AAAAA b0 <
C < -> BB < >
BBB b0_ -> BBB b0_ >
AAAAA a0 -> AAAAA a0 <
AA 1 -> AA 1 <
BBB b1 -> AC b1 ^
CC 1 -> AC 1 ^
B 1 -> BBBB b1 <
