4
BB _ _ a 1 -> AAA _ ^ 1 ^ a ^ _ <
B 1 _ _ _ -> BBBB _ ^ _ ^ _ < 1 >
BB _ _ o 0 -> AAAA _ ^ 0 ^ o ^ _ <
A _ 0 _ _ -> B _ > _ ^ _ ^ 0 >
AAA _ 1 a ( -> BBBB _ ^ _ ^ a ^ 1 >
AAAA _ 1 o 1 -> BB _ ^ _ ^ _ < 1 ^
S 0 _ _ _ -> B _ > _ ^ _ ^ 0 >
BB _ _ _ 1 -> AAA _ ^ 1 ^ _ ^ _ <
BBBBB _ _ o 0 -> BBBBB _ ^ 0 ^ o ^ _ <
BBBBB _ _ o 1 -> BBBBB _ ^ 1 ^ o ^ _ <
A _ 1 _ _ -> B _ > _ ^ _ ^ 1 >
B ) _ _ _ -> BB _ ^ _ ^ _ < _ <
AA _ _ a ( -> B _ > _ ^ a > ( >
AAAAA _ 0 a 0 -> BBBB _ ^ _ ^ _ < 0 >
BBBB _ _ a _ -> AA _ ^ _ ^ a ^ _ <
B 0 _ _ _ -> BBBB _ ^ _ ^ _ < 0 >
S ( _ _ _ -> B _ > _ ^ _ ^ ( >
AAAA _ 0 o 0 -> BB _ ^ _ ^ _ < 0 ^
AAAAA _ 0 a 1 -> BBBB _ ^ _ ^ _ < 0 >
AAAA _ 1 o 0 -> BB _ ^ _ ^ _ < 1 ^
BB _ _ a 0 -> AAA _ ^ 0 ^ a ^ _ <
AAAA _ 0 o ( -> B _ > _ ^ o > 0 >
B ( _ _ _ -> B _ > _ ^ _ ^ ( >
AAAAA _ 1 a 1 -> BBBB _ ^ _ ^ _ < 1 >
AA _ _ a 1 -> AAAAA _ ^ 1 ^ a ^ _ <
AAAAA _ 1 a ( -> A _ ^ 1 ^ a > ( >
AAAAA _ 0 a ( -> A _ ^ 0 ^ a > ( >
BBBB _ _ _ _ -> B _ > _ ^ _ ^ _ ^
BBB _ _ _ _ -> BBBBB _ ^ _ ^ _ < _ <
BBBBB _ 1 o 1 -> BBBBB _ ^ _ ^ _ < 1 ^
BBBBB _ _ _ 1 -> AC 1 ^ _ ^ _ ^ _ ^
BBBB _ _ o _ -> B _ > _ ^ o > _ ^
B a _ _ _ -> B _ > _ ^ a > _ ^
AAAA _ 1 o ( -> B _ > _ ^ o > 1 >
B _ _ _ _ -> BBB _ ^ _ ^ _ ^ _ ^
AAAAA _ 1 a 0 -> BBBB _ ^ _ ^ _ < 0 >
AA _ _ a 0 -> AAAAA _ ^ 0 ^ a ^ _ <
BBBBB _ 1 o 0 -> BBBBB _ ^ _ ^ _ < 1 ^
BB _ _ o 1 -> AAAA _ ^ 1 ^ o ^ _ <
BB _ _ _ 0 -> AAA _ ^ 0 ^ _ ^ _ <
S 1 _ _ _ -> B _ > _ ^ _ ^ 1 >
BBBBB _ _ _ 0 -> AC 0 ^ _ ^ _ ^ _ ^
AAA _ 0 _ ( -> B _ > _ ^ _ ^ 0 >
AAA _ 0 a ( -> BBBB _ ^ _ ^ a ^ 0 >
AAA _ 1 _ ( -> B _ > _ ^ _ ^ 1 >
BBBBB _ 0 o 0 -> BBBBB _ ^ _ ^ _ < 0 ^
AAAA _ 0 o 1 -> BB _ ^ _ ^ _ < 1 ^
BBBBB _ 0 o 1 -> BBBBB _ ^ _ ^ _ < 1 ^
B o _ _ _ -> B _ > _ ^ o > _ ^
