    "s 0 -> t 20 >"
    "s 9 -> ss 9 >"
    "s 1 -> t 21 >"
    "att 20 -> att0 40 >"
    "att 9 -> rj 9 ^"
    "att 21 -> att1 41 >"
    "ae 50 -> ae 50 <"
    "ae 20 -> ae 20 <"
    "ae 40 -> att 40 >"
    "ae 21 -> ae 21 <"
    "ae 51 -> ae 51 <"
    "ae 9 -> ae 9 <"
    "ae 41 -> att 41 >"
    "tt 31 -> rj 31 ^"
    "tt 30 -> rj 30 ^"
    "tt 1 -> tt2 1 >"
    "tt 0 -> tt2 0 >"
    "tt2 0 -> tt2 0 >"
    "tt2 30 -> st 30 <"
    "tt2 _ -> st _ <"
    "tt2 1 -> tt2 1 >"
    "tt2 31 -> st 31 <"
    "ss 31 -> qa 31 <"
    "ss 1 -> ac 1 ^"
    "ss 0 -> ac 0 ^"
    "ss 30 -> qa 30 <"
    "qa 9 -> qa 9 <"
    "qa 20 -> qa 20 <"
    "qa 21 -> qa 21 <"
    "qa _ -> att _ >"
    "t 1 -> t 1 >"
    "t 9 -> tt 9 >"
    "t 0 -> t 0 >"
    "att1 20 -> att1 20 >"
    "att1 31 -> ae 51 <"
    "att1 30 -> rj 30 ^"
    "att1 50 -> att1 50 >"
    "att1 9 -> att1 9 >"
    "att1 21 -> att1 21 >"
    "att1 51 -> att1 51 >"
    "ty 1 -> ty 1 <"
    "ty 0 -> ty 0 <"
    "ty 9 -> rv 9 <"
    "st 1 -> ty 31 <"
    "st 0 -> ty 30 <"
    "rv 21 -> s 21 >"
    "rv 1 -> rv 1 <"
    "rv 20 -> s 20 >"
    "rv 0 -> rv 0 <"
    "att0 30 -> ae 50 <"
    "att0 20 -> att0 20 >"
    "att0 21 -> att0 21 >"
    "att0 9 -> att0 9 >"
    "att0 50 -> att0 50 >"
    "att0 31 -> ac 31 ^"
    "att0 51 -> att0 51 >"
