start: s
accept: ac
reject: rj
blank: _
s 0 -> s 0 >
s 1 -> s 1 >
s + -> t + >
t 0 -> copy_0_first 2 >
t 1 -> copy_1_first 2 >
copy_0_first 0 -> copy_0 0 >
copy_1_first 0 -> copy_0 1 >
copy_0_first 1 -> copy_1 0 >
copy_1_first 1 -> copy_1 1 >
copy_0_first _ -> go 0 ^
copy_1_first _ -> go 1 ^
copy_0 0 -> copy_0 0 >
copy_0 1 -> copy_1 0 >
copy_0 _ -> go 0 ^
copy_1 0 -> copy_0 1 >
copy_1 1 -> copy_1 1 >
copy_1 _ -> go 1 ^
go 0 -> go0l _ <
go 1 -> go1l _ <
go0l + -> swap0 + <
go1l + -> swap1 + <
go0l 0 -> go0l 0 <
go0l 1 -> go0l 1 <
go1l 0 -> go1l 0 <
go1l 1 -> go1l 1 <
go0l 2 -> go0l 2 <
go1l 2 -> go1l 2 <
swap0 0 -> swap00 + >
swap0 _ -> swap00 + >
swap0 1 -> swap01 + >
swap1 0 -> swap10 + >
swap1 _ -> swap10 + >
swap1 1 -> swap11 + >
swap00 + -> add0 0 ^
swap01 + -> add0 1 ^
swap10 + -> add1 0 ^
swap11 + -> add1 1 ^
add0 0 -> next 0 >
add0 1 -> next 1 >
add1 0 -> next 1 >
add1 1 -> next_carry 0 >
next 0 -> next 0 >
next 1 -> next 1 >
next 2 -> after_next 2 >
after_next _ -> finish _ <
after_next 0 -> search_last 0 >
after_next 1 -> search_last 1 >
search_last 0 -> search_last 0 >
search_last 1 -> search_last 1 >
search_last _ -> go _ <
finish 0 -> finish 0 <
finish 1 -> finish 1 <
finish 2 -> finish _ <
finish + -> copy_left + <
copy_left 0 -> copy_right0 0 >
copy_left 1 -> copy_right1 1 >
copy_right0 0 -> left 0 <
copy_right0 1 -> left 0 <
copy_right0 + -> left 0 <
copy_right1 0 -> left 1 <
copy_right1 1 -> left 1 <
copy_right1 + -> left 1 <
left 0 -> copy_left 0 <
left 1 -> copy_left 1 <
left + -> copy_left + <
copy_left _ -> almost_all _ >
almost_all 0 -> all _ >
almost_all 1 -> all _ >
almost_all + -> all _ >
all 0 -> all _ >
all 1 -> ac 1 ^
all _ -> ac 0 ^
next_carry 0 -> next_carry 0 >
next_carry 1 -> next_carry 1 >
next_carry 2 -> after_next_carry 2 >
after_next_carry _ -> finish_carry _ <
after_next_carry 0 -> search_last_carry 0 >
after_next_carry 1 -> search_last_carry 1 >
search_last_carry 0 -> search_last_carry 0 >
search_last_carry 1 -> search_last_carry 1 >
search_last_carry _ -> go_carry _ <
finish_carry 0 -> finish_carry 0 <
finish_carry 1 -> finish_carry 1 <
finish_carry 2 -> finish_carry _ <
finish_carry + -> finish_carry_next + <
finish_carry_next 0 -> finish_carry_prev 1 >
finish_carry_next _ -> finish_carry_prev 1 >
finish_carry_next 1 -> finish_carry_next 0 <
finish_carry_prev 0 -> finish_carry_prev 0 >
finish_carry_prev 1 -> finish_carry_prev 1 >
finish_carry_prev + -> copy_left + <
add0_carry 0 -> next 1 >
add0_carry 1 -> next_carry 0 >
add1_carry 0 -> next_carry 0 >
add1_carry 1 -> next_carry 1 >
go_carry 0 -> go0l_carry _ <
go_carry 1 -> go1l_carry _ <
go0l_carry 0 -> go0l_carry 0 <
go0l_carry 1 -> go0l_carry 1 <
go0l_carry 2 -> go0l_carry 2 <
go1l_carry 0 -> go1l_carry 0 <
go1l_carry 1 -> go1l_carry 1 <
go1l_carry 2 -> go1l_carry 2 <
go0l_carry + -> swap0_carry + <
go1l_carry + -> swap1_carry + <
swap0_carry 0 -> swap00_carry + >
swap0_carry _ -> swap00_carry + >
swap0_carry 1 -> swap01_carry + >
swap1_carry 0 -> swap10_carry + >
swap1_carry _ -> swap10_carry + >
swap1_carry 1 -> swap11_carry + >
swap00_carry + -> add0_carry 0 ^
swap01_carry + -> add0_carry 1 ^
swap10_carry + -> add1_carry 0 ^
swap11_carry + -> add1_carry 1 ^
