start: s
accept: ac
reject: rj
blank: _
s 0 -> s 0 >
s 1 -> s 1 >
s _ -> ss 2 >
ss _ -> sss 1 >
sss _ -> back_to_ss 0 <
back_to_ss 1 -> start 1 <
start 2 -> maybe_end 2 <
maybe_end 0 -> maybe_end 0 <
maybe_end 1 -> real_start 1 ^
maybe_end _ -> end _ >
real_start 0 -> real_start 0 >
real_start 1 -> real_start 1 >
real_start 2 -> pow0 2 <
pow0 0 -> pow1 0 <
pow0 1 -> mul_pow0 1 ^
mul_pow0 1 -> to_start_pow0 1 ^
to_start_pow0 0 -> to_start_pow0 0 >
to_start_pow0 1 -> to_start_pow0 1 >
to_start_pow0 2 -> no_mul 9 >
no_mul 0 -> no_mul_have0 0 >
no_mul 1 -> no_mul_have1 1 >
no_mul _ -> to_start_mul _ <
no_mul_have0 0 -> no_mul 0 >
no_mul_have0 1 -> no_mul 1 >
no_mul_have1 0 -> no_mul 1 >
no_mul_have1 1 -> need_mul 0 >
need_mul 0 -> need_mul_have0 0 >
need_mul 1 -> need_mul_have1 1 >
need_mul _ -> need_mul_0 0 >
need_mul_have0 0 -> no_mul 1 >
need_mul_have0 1 -> need_mul 0 >
need_mul_have1 0 -> need_mul 0 >
need_mul_have1 1 -> need_mul 1 >
need_mul_0 _ -> need_mul_01 1 <
need_mul_01 0 -> to_start_mul 0 <
to_start_mul 0 -> to_start_mul 0 <
to_start_mul 1 -> to_start_mul 1 <
to_start_mul 5 -> next_mul_pow4 2 <
to_start_mul 6 -> next_mul_pow3 2 <
to_start_mul 7 -> next_mul_pow2 2 <
to_start_mul 8 -> next_mul_pow1 2 <
to_start_mul 9 -> next_mul_pow0 2 <
next_mul_pow0 0 -> pow1 0 <
next_mul_pow0 1 -> pow1 1 <
next_mul_pow1 0 -> next_mul_pow1_1 0 <
next_mul_pow1 1 -> next_mul_pow1_1 1 <
next_mul_pow1_1 0 -> pow2 0 <
next_mul_pow1_1 1 -> pow2 1 <
next_mul_pow2 0 -> next_mul_pow2_1 0 <
next_mul_pow2 1 -> next_mul_pow2_1 1 <
next_mul_pow2_1 0 -> next_mul_pow2_2 0 <
next_mul_pow2_1 1 -> next_mul_pow2_2 1 <
next_mul_pow2_2 0 -> pow3 0 <
next_mul_pow2_2 1 -> pow3 1 <
next_mul_pow3 0 -> next_mul_pow3_1 0 <
next_mul_pow3 1 -> next_mul_pow3_1 1 <
next_mul_pow3_1 0 -> next_mul_pow3_2 0 <
next_mul_pow3_1 1 -> next_mul_pow3_2 1 <
next_mul_pow3_2 0 -> next_mul_pow3_3 0 <
next_mul_pow3_2 1 -> next_mul_pow3_3 1 <
next_mul_pow3_3 0 -> pow4 0 <
next_mul_pow3_3 1 -> pow4 1 <
next_mul_pow4 0 -> next_mul_pow4_1 0 <
next_mul_pow4 1 -> next_mul_pow4_1 1 <
next_mul_pow4_1 0 -> next_mul_pow4_2 0 <
next_mul_pow4_1 1 -> next_mul_pow4_2 1 <
next_mul_pow4_2 0 -> next_mul_pow4_3 0 <
next_mul_pow4_2 1 -> next_mul_pow4_3 1 <
next_mul_pow4_3 0 -> next_mul_pow4_4 0 <
next_mul_pow4_3 1 -> next_mul_pow4_4 1 <
next_mul_pow4_4 0 -> pow5 0 <
next_mul_pow4_4 1 -> pow5 1 <
pow1 0 -> to_start_copy_pow1 0 ^
pow1 1 -> to_start_copy_pow1 1 ^
pow1 _ -> to_start_sub _ >
pow2 0 -> to_start_copy_pow2 0 ^
pow2 1 -> to_start_copy_pow2 1 ^
pow2 _ -> to_start_sub _ >
pow3 0 -> to_start_copy_pow3 0 ^
pow3 1 -> to_start_copy_pow3 1 ^
pow3 _ -> to_start_sub _ >
pow4 0 -> to_start_copy_pow4 0 ^
pow4 1 -> to_start_copy_pow4 1 ^
pow4 _ -> to_start_sub _ >
pow5 _ -> to_start_sub _ >
to_start_sub 0 -> to_start_sub 0 >
to_start_sub 1 -> to_start_sub 1 >
to_start_sub 2 -> sub 2 <
sub 0 -> sub 1 <
sub 1 -> maybe_last 0 <
maybe_last 0 -> no_last 0 >
maybe_last 1 -> no_last 1 >
maybe_last _ -> last _ >
no_last 0 -> to_start_next 0 >
last 0 -> to_start_next _ >
to_start_next 0 -> to_start_next 0 >
to_start_next 1 -> to_start_next 1 >
to_start_next 2 -> finish 2 >
finish 0 -> go_right 0 >
finish 1 -> go_right 1 >
finish _ -> from_begin _ <
go_right 0 -> go_left0 0 <
go_right 1 -> go_left1 0 <
go_left0 0 -> do_nothing 0 >
go_left0 1 -> do_nothing 0 >
go_left1 0 -> do_nothing 1 >
go_left1 1 -> do_nothing 1 >
do_nothing 0 -> finish 0 >
from_begin 0 -> from_begin 0 <
from_begin 1 -> from_begin 1 <
from_begin 2 -> start 2 ^
to_start_copy_pow1 0 -> to_start_copy_pow1 0 >
to_start_copy_pow1 1 -> to_start_copy_pow1 1 >
to_start_copy_pow1 2 -> copy 8 >
to_start_copy_pow2 0 -> to_start_copy_pow2 0 >
to_start_copy_pow2 1 -> to_start_copy_pow2 1 >
to_start_copy_pow2 2 -> copy 7 >
to_start_copy_pow3 0 -> to_start_copy_pow3 0 >
to_start_copy_pow3 1 -> to_start_copy_pow3 1 >
to_start_copy_pow3 2 -> copy 6 >
to_start_copy_pow4 0 -> to_start_copy_pow4 0 >
to_start_copy_pow4 1 -> to_start_copy_pow4 1 >
to_start_copy_pow4 2 -> copy 5 >
copy 0 -> copy0 0 >
copy 1 -> copy1 0 >
copy0 0 -> copy00 0 >
copy0 1 -> copy00 1 >
copy0 _ -> copy00 0 >
copy1 0 -> copy11 0 >
copy1 1 -> copy11 1 >
copy1 _ -> copy11 0 >
copy00 0 -> copy0 0 >
copy00 1 -> copy1 0 >
copy00 _ -> write_copied 0 >
copy11 0 -> copy0 1 >
copy11 1 -> copy1 1 >
copy11 _ -> write_copied 1 >
write_copied _ -> copied 0 ^
copied 0 -> copied 0 <
copied 1 -> copied 1 <
copied 5 -> next_copy_pow4 2 <
copied 6 -> next_copy_pow3 2 <
copied 7 -> next_copy_pow2 2 <
copied 8 -> next_copy_pow1 2 <
next_copy_pow1 0 -> pow1_next 0 <
next_copy_pow1 1 -> pow1_next 1 <
next_copy_pow2 0 -> next_copy_pow2_1 0 <
next_copy_pow2 1 -> next_copy_pow2_1 1 <
next_copy_pow2_1 0 -> pow2_next 0 <
next_copy_pow2_1 1 -> pow2_next 1 <
next_copy_pow3 0 -> next_copy_pow3_1 0 <
next_copy_pow3 1 -> next_copy_pow3_1 1 <
next_copy_pow3_1 0 -> next_copy_pow3_2 0 <
next_copy_pow3_1 1 -> next_copy_pow3_2 1 <
next_copy_pow3_2 0 -> pow3_next 0 <
next_copy_pow3_2 1 -> pow3_next 1 <
next_copy_pow4 0 -> next_copy_pow4_1 0 <
next_copy_pow4 1 -> next_copy_pow4_1 1 <
next_copy_pow4_1 0 -> next_copy_pow4_2 0 <
next_copy_pow4_1 1 -> next_copy_pow4_2 1 <
next_copy_pow4_2 0 -> next_copy_pow4_3 0 <
next_copy_pow4_2 1 -> next_copy_pow4_3 1 <
next_copy_pow4_3 0 -> pow4_next 0 <
next_copy_pow4_3 1 -> pow4_next 1 <
pow1_next 0 -> pow2 0 <
pow1_next 1 -> mul_pow1 1 ^
pow2_next 0 -> pow3 0 <
pow2_next 1 -> mul_pow2 1 ^
pow3_next 0 -> pow4 0 <
pow3_next 1 -> mul_pow3 1 ^
pow4_next 0 -> pow5 0 <
pow4_next 1 -> mul_pow4 1 ^
mul_pow1 1 -> to_start_pow1 1 ^
mul_pow2 1 -> to_start_pow2 1 ^
mul_pow3 1 -> to_start_pow3 1 ^
mul_pow4 1 -> to_start_pow4 1 ^
to_start_pow1 0 -> to_start_pow1 0 >
to_start_pow1 1 -> to_start_pow1 1 >
to_start_pow1 2 -> no_mul 8 >
to_start_pow2 0 -> to_start_pow2 0 >
to_start_pow2 1 -> to_start_pow2 1 >
to_start_pow2 2 -> no_mul 7 >
to_start_pow3 0 -> to_start_pow3 0 >
to_start_pow3 1 -> to_start_pow3 1 >
to_start_pow3 2 -> no_mul 6 >
to_start_pow4 0 -> to_start_pow4 0 >
to_start_pow4 1 -> to_start_pow4 1 >
to_start_pow4 2 -> no_mul 5 >
end 0 -> end _ >
end 1 -> end _ >
end 2 -> all _ >
all 0 -> pipe 0 >
all 1 -> pipe 1 >
all _ -> to_left _ <
to_left 0 -> to_left0 _ <
to_left 1 -> to_left1 _ <
to_left _ -> to_first _ <
to_left | -> to_left _ <
to_left0 0 -> to_left0 0 <
to_left0 1 -> to_left0 1 <
to_left0 _ -> to_second0 _ <
to_left0 | -> to_left0 | <
to_left1 0 -> to_left1 0 <
to_left1 1 -> to_left1 1 <
to_left1 _ -> to_second1 _ <
to_left1 | -> to_left1 | <
to_second0 0 -> to_second0 0 <
to_second0 1 -> to_second1 0 <
to_second0 _ -> to_right 0 ^
to_second1 0 -> to_second0 1 <
to_second1 1 -> to_second1 1 <
to_second1 _ -> to_right 1 ^
to_right 0 -> to_right 0 >
to_right 1 -> to_right 1 >
to_right _ -> check_next _ >
check_next 0 -> check_next 0 >
check_next 1 -> check_next 1 >
check_next | -> check_next | >
check_next _ -> to_left _ <
to_first 0 -> to_first 0 <
to_first 1 -> to_first 1 <
to_first _ -> ac _ >
pipe 0 -> all | >
pipe 1 -> all | >
