3
S 0 _ _ -> S 0 > 0 > _ ^
S 1 _ _ -> S 1 > 1 > _ ^
S _ _ _ -> ERASE_FIRST _ ^ _ < _ ^
ERASE_FIRST _ _ _ -> FINISH _ < _ ^ _ ^
ERASE_FIRST _ 0 _ -> ERASE_FIRST _ ^ _ < _ ^
ERASE_FIRST _ 1 _ -> ERASE_FIRST _ ^ _ < _ ^
FINISH 0 _ _ -> FINISH 0 < _ ^ _ ^
FINISH 1 _ _ -> FINISH 1 < _ ^ _ ^
FINISH | _ _ -> FINISH | < _ ^ _ ^
S | _ _ -> SECOND | > _ ^ _ ^
SECOND 0 _ _ -> SECOND 0 > _ ^ 0 >
SECOND 1 _ _ -> SECOND 1 > _ ^ 1 >
SECOND | _ _ -> TO_BEGIN | ^ _ < _ <
SECOND _ _ _ -> TO_BEGIN _ ^ _ < _ <
TO_BEGIN | 0 0 -> TO_BEGIN | ^ 0 < 0 <
TO_BEGIN | 1 0 -> TO_BEGIN | ^ 1 < 0 <
TO_BEGIN | 0 1 -> TO_BEGIN | ^ 0 < 1 <
TO_BEGIN | 1 1 -> TO_BEGIN | ^ 1 < 1 <
TO_BEGIN | 0 _ -> TO_BEGIN | ^ 0 < _ <
TO_BEGIN | 1 _ -> TO_BEGIN | ^ 1 < _ <
TO_BEGIN _ 0 0 -> TO_BEGIN _ ^ 0 < 0 <
TO_BEGIN _ 1 0 -> TO_BEGIN _ ^ 1 < 0 <
TO_BEGIN _ 0 1 -> TO_BEGIN _ ^ 0 < 1 <
TO_BEGIN _ 1 1 -> TO_BEGIN _ ^ 1 < 1 <
TO_BEGIN _ 0 _ -> TO_BEGIN _ ^ 0 < _ <
TO_BEGIN _ 1 _ -> TO_BEGIN _ ^ 1 < _ <
TO_BEGIN | _ _ -> ITER | ^ _ > _ >
TO_BEGIN | _ 0 -> ITER | ^ _ > 0 >
TO_BEGIN | _ 1 -> ITER | ^ _ > 1 >
TO_BEGIN _ _ _ -> ITER _ ^ _ > _ >
TO_BEGIN _ _ 0 -> ITER _ ^ _ > 0 >
TO_BEGIN _ _ 1 -> ITER _ ^ _ > 1 >
ITER | 0 0 -> ITER | ^ 0 < 0 <
ITER | 1 0 -> ITER | ^ 1 < 0 <
ITER | 0 1 -> ITER | ^ 0 < 1 <
ITER | 1 1 -> ITER | ^ 1 < 1 <
ITER | _ 0 -> ITER | ^ _ < 0 <
ITER | _ 1 -> ITER | ^ _ < 1 <
ITER _ 0 0 -> ITER _ ^ 0 < 0 <
ITER _ 1 0 -> ITER _ ^ 1 < 0 <
ITER _ 0 1 -> ITER _ ^ 0 < 1 <
ITER _ 1 1 -> ITER _ ^ 1 < 1 <
ITER _ _ 0 -> ITER _ ^ _ < 0 <
ITER _ _ 1 -> ITER _ ^ _ < 1 <
ITER | _ _ -> CHECK | ^ _ > _ >
ITER _ _ _ -> CHECK _ ^ _ > _ >
ITER | 0 _ -> CHECK | ^ 0 ^ _ ^
ITER | 1 _ -> CHECK | ^ 1 ^ _ ^
ITER _ 0 _ -> CHECK _ ^ 0 ^ _ ^
ITER _ 1 _ -> CHECK _ ^ 1 ^ _ ^
CHECK | _ 0 -> CHECK | ^ _ > 0 >
CHECK | 0 _ -> CHECK | ^ 0 > _ >
CHECK | 0 0 -> CHECK | ^ 0 > 0 >
CHECK | 1 1 -> CHECK | ^ 1 > 1 >
CHECK _ _ 0 -> CHECK _ ^ _ > 0 >
CHECK _ 0 _ -> CHECK _ ^ 0 > _ >
CHECK _ 0 0 -> CHECK _ ^ 0 > 0 >
CHECK _ 1 1 -> CHECK _ ^ 1 > 1 >
CHECK | 1 0 -> GREATER | ^ 1 > 0 >
CHECK | 1 _ -> GREATER | ^ 1 > _ >
CHECK _ 1 0 -> GREATER _ ^ 1 > 0 >
CHECK _ 1 _ -> GREATER _ ^ 1 > _ >
GREATER | 0 0 -> GREATER | ^ 0 > 0 >
GREATER | 1 0 -> GREATER | ^ 1 > 0 >
GREATER | 0 1 -> GREATER | ^ 0 > 1 >
GREATER | 1 1 -> GREATER | ^ 1 > 1 >
GREATER | 0 _ -> GREATER | ^ 0 > _ >
GREATER | _ 0 -> GREATER | ^ _ > 0 >
GREATER | 1 _ -> GREATER | ^ 1 > _ >
GREATER | _ 1 -> GREATER | ^ _ > 1 >
GREATER _ 0 0 -> GREATER _ ^ 0 > 0 >
GREATER _ 1 0 -> GREATER _ ^ 1 > 0 >
GREATER _ 0 1 -> GREATER _ ^ 0 > 1 >
GREATER _ 1 1 -> GREATER _ ^ 1 > 1 >
GREATER _ 0 _ -> GREATER _ ^ 0 > _ >
GREATER _ _ 0 -> GREATER _ ^ _ > 0 >
GREATER _ 1 _ -> GREATER _ ^ 1 > _ >
GREATER _ _ 1 -> GREATER _ ^ _ > 1 >
GREATER | _ _ -> SWAP_A | < _ < _ <
GREATER _ _ _ -> SWAP_A _ < _ < _ <
SWAP_A 0 0 0 -> SWAP_A 0 < _ < 0 ^
SWAP_A 0 0 1 -> SWAP_A 0 < _ < 1 ^
SWAP_A 0 0 _ -> SWAP_A 0 < _ < _ ^
SWAP_A 1 0 0 -> SWAP_A 0 < _ < 0 ^
SWAP_A 1 0 1 -> SWAP_A 0 < _ < 1 ^
SWAP_A 1 0 _ -> SWAP_A 0 < _ < _ ^
SWAP_A | 0 0 -> SWAP_A 0 < _ < 0 ^
SWAP_A | 0 1 -> SWAP_A 0 < _ < 1 ^
SWAP_A | 0 _ -> SWAP_A 0 < _ < _ ^
SWAP_A _ 0 0 -> SWAP_A 0 < _ < 0 ^
SWAP_A _ 0 1 -> SWAP_A 0 < _ < 1 ^
SWAP_A _ 0 _ -> SWAP_A 0 < _ < _ ^
SWAP_A 0 1 0 -> SWAP_A 1 < _ < 0 ^
SWAP_A 0 1 1 -> SWAP_A 1 < _ < 1 ^
SWAP_A 0 1 _ -> SWAP_A 1 < _ < _ ^
SWAP_A 1 1 0 -> SWAP_A 1 < _ < 0 ^
SWAP_A 1 1 1 -> SWAP_A 1 < _ < 1 ^
SWAP_A 1 1 _ -> SWAP_A 1 < _ < _ ^
SWAP_A | 1 0 -> SWAP_A 1 < _ < 0 ^
SWAP_A | 1 1 -> SWAP_A 1 < _ < 1 ^
SWAP_A | 1 _ -> SWAP_A 1 < _ < _ ^
SWAP_A _ 1 0 -> SWAP_A 1 < _ < 0 ^
SWAP_A _ 1 1 -> SWAP_A 1 < _ < 1 ^
SWAP_A _ 1 _ -> SWAP_A 1 < _ < _ ^
SWAP_A 0 _ 0 -> SWAP_B | < _ ^ 0 ^
SWAP_A 0 _ 1 -> SWAP_B | < _ ^ 1 ^
SWAP_A 0 _ _ -> SWAP_B | < _ ^ _ ^
SWAP_A 1 _ 0 -> SWAP_B | < _ ^ 0 ^
SWAP_A 1 _ 1 -> SWAP_B | < _ ^ 1 ^
SWAP_A 1 _ _ -> SWAP_B | < _ ^ _ ^
SWAP_A | _ 0 -> SWAP_B | < _ ^ 0 ^
SWAP_A | _ 1 -> SWAP_B | < _ ^ 1 ^
SWAP_A | _ _ -> SWAP_B | < _ ^ _ ^
SWAP_A _ _ 0 -> SWAP_B | < _ ^ 0 ^
SWAP_A _ _ 1 -> SWAP_B | < _ ^ 1 ^
SWAP_A _ _ _ -> SWAP_B | < _ ^ _ ^
SWAP_B 0 0 0 -> SWAP_B 0 < 0 ^ _ <
SWAP_B 0 1 0 -> SWAP_B 0 < 1 ^ _ <
SWAP_B 0 _ 0 -> SWAP_B 0 < _ ^ _ <
SWAP_B 1 0 0 -> SWAP_B 0 < 0 ^ _ <
SWAP_B 1 1 0 -> SWAP_B 0 < 1 ^ _ <
SWAP_B 1 _ 0 -> SWAP_B 0 < _ ^ _ <
SWAP_B | 0 0 -> SWAP_B 0 < 0 ^ _ <
SWAP_B | 1 0 -> SWAP_B 0 < 1 ^ _ <
SWAP_B | _ 0 -> SWAP_B 0 < _ ^ _ <
SWAP_B _ 0 0 -> SWAP_B 0 < 0 ^ _ <
SWAP_B _ 1 0 -> SWAP_B 0 < 1 ^ _ <
SWAP_B _ _ 0 -> SWAP_B 0 < _ ^ _ <
SWAP_B 0 0 1 -> SWAP_B 1 < 0 ^ _ <
SWAP_B 0 1 1 -> SWAP_B 1 < 1 ^ _ <
SWAP_B 0 _ 1 -> SWAP_B 1 < _ ^ _ <
SWAP_B 1 0 1 -> SWAP_B 1 < 0 ^ _ <
SWAP_B 1 1 1 -> SWAP_B 1 < 1 ^ _ <
SWAP_B 1 _ 1 -> SWAP_B 1 < _ ^ _ <
SWAP_B | 0 1 -> SWAP_B 1 < 0 ^ _ <
SWAP_B | 1 1 -> SWAP_B 1 < 1 ^ _ <
SWAP_B | _ 1 -> SWAP_B 1 < _ ^ _ <
SWAP_B _ 0 1 -> SWAP_B 1 < 0 ^ _ <
SWAP_B _ 1 1 -> SWAP_B 1 < 1 ^ _ <
SWAP_B _ _ 1 -> SWAP_B 1 < _ ^ _ <
SWAP_B 0 0 _ -> NEXT 0 ^ 0 ^ _ ^
SWAP_B 0 1 _ -> NEXT 0 ^ 1 ^ _ ^
SWAP_B 0 _ _ -> NEXT 0 ^ _ ^ _ ^
SWAP_B 1 0 _ -> NEXT 1 ^ 0 ^ _ ^
SWAP_B 1 1 _ -> NEXT 1 ^ 1 ^ _ ^
SWAP_B 1 _ _ -> NEXT 1 ^ _ ^ _ ^
SWAP_B | 0 _ -> NEXT | ^ 0 ^ _ ^
SWAP_B | 1 _ -> NEXT | ^ 1 ^ _ ^
SWAP_B | _ _ -> NEXT | ^ _ ^ _ ^
SWAP_B _ 0 _ -> NEXT _ ^ 0 ^ _ ^
SWAP_B _ 1 _ -> NEXT _ ^ 1 ^ _ ^
SWAP_B _ _ _ -> NEXT _ ^ _ ^ _ ^
NEXT 0 0 0 -> NEXT 0 < 0 ^ 0 ^
NEXT 0 1 0 -> NEXT 0 < 1 ^ 0 ^
NEXT 0 0 1 -> NEXT 0 < 0 ^ 1 ^
NEXT 0 1 1 -> NEXT 0 < 1 ^ 1 ^
NEXT 0 _ 0 -> NEXT 0 < _ ^ 0 ^
NEXT 0 _ 1 -> NEXT 0 < _ ^ 1 ^
NEXT 0 0 _ -> NEXT 0 < 0 ^ _ ^
NEXT 0 1 _ -> NEXT 0 < 1 ^ _ ^
NEXT 0 _ _ -> NEXT 0 < _ ^ _ ^
NEXT 1 0 0 -> NEXT 1 < 0 ^ 0 ^
NEXT 1 1 0 -> NEXT 1 < 1 ^ 0 ^
NEXT 1 0 1 -> NEXT 1 < 0 ^ 1 ^
NEXT 1 1 1 -> NEXT 1 < 1 ^ 1 ^
NEXT 1 _ 0 -> NEXT 1 < _ ^ 0 ^
NEXT 1 _ 1 -> NEXT 1 < _ ^ 1 ^
NEXT 1 0 _ -> NEXT 1 < 0 ^ _ ^
NEXT 1 1 _ -> NEXT 1 < 1 ^ _ ^
NEXT 1 _ _ -> NEXT 1 < _ ^ _ ^
NEXT | _ _ -> NEXT | < _ ^ _ ^
NEXT _ _ _ -> S _ > _ ^ _ ^
CHECK | 0 1 -> LESS | ^ 0 ^ 1 ^
CHECK | _ 1 -> LESS | ^ _ ^ 1 ^
CHECK _ 0 1 -> LESS _ ^ 0 ^ 1 ^
CHECK _ _ 1 -> LESS _ ^ _ ^ 1 ^
LESS | 0 0 -> LESS | ^ 0 > 0 >
LESS | 1 0 -> LESS | ^ 1 > 0 >
LESS | 0 1 -> LESS | ^ 0 > 1 >
LESS | 1 1 -> LESS | ^ 1 > 1 >
LESS | _ 0 -> LESS | ^ _ > 0 >
LESS | _ 1 -> LESS | ^ _ > 1 >
LESS | 0 _ -> LESS | ^ 0 > _ >
LESS | 1 _ -> LESS | ^ 1 > _ >
LESS _ 0 0 -> LESS _ ^ 0 > 0 >
LESS _ 1 0 -> LESS _ ^ 1 > 0 >
LESS _ 0 1 -> LESS _ ^ 0 > 1 >
LESS _ 1 1 -> LESS _ ^ 1 > 1 >
LESS _ _ 0 -> LESS _ ^ _ > 0 >
LESS _ _ 1 -> LESS _ ^ _ > 1 >
LESS _ 0 _ -> LESS _ ^ 0 > _ >
LESS _ 1 _ -> LESS _ ^ 1 > _ >
LESS | _ _ -> CHECKED | ^ _ < _ <
LESS _ _ _ -> CHECKED _ ^ _ < _ <
CHECKED | 0 0 -< CHECKED | ^ _ < _ <
CHECKED | 1 0 -< CHECKED | ^ _ < _ <
CHECKED | 0 1 -< CHECKED | ^ _ < _ <
CHECKED | 1 1 -< CHECKED | ^ _ < _ <
CHECKED | _ 0 -< CHECKED | ^ _ < _ <
CHECKED | _ 1 -< CHECKED | ^ _ < _ <
CHECKED | 0 _ -< CHECKED | ^ _ < _ <
CHECKED | 1 _ -< CHECKED | ^ _ < _ <
CHECKED _ 0 0 -< CHECKED _ ^ _ < _ <
CHECKED _ 1 0 -< CHECKED _ ^ _ < _ <
CHECKED _ 0 1 -< CHECKED _ ^ _ < _ <
CHECKED _ 1 1 -< CHECKED _ ^ _ < _ <
CHECKED _ _ 0 -< CHECKED _ ^ _ < _ <
CHECKED _ _ 1 -< CHECKED _ ^ _ < _ <
CHECKED _ 0 _ -< CHECKED _ ^ _ < _ <
CHECKED _ 1 _ -< CHECKED _ ^ _ < _ <
CHECKED | _ _ -> BACK | < _ ^ _ ^
CHECKED _ _ _ -> BACK _ < _ ^ _ ^
BACK 0 _ _ -> BACK 0 < _ ^ _ ^
BACK 1 _ _ -> BACK 1 < _ ^ _ ^
BACK | _ _ -> S | > _ ^ _ ^
BACK _ _ _ -> S _ > _ ^ _ ^
CHECK | _ _ -> CHECKED | ^ _ < _ <
CHECK _ _ _ -> CHECKED _ ^ _ < _ <
FINISH _ _ _ -> AC _ > _ ^ _ ^
